<?xml version="1.0" encoding="UTF-8"?>
<testsuite name="newworldorder.game.model.GameTest" tests="7" skipped="0" failures="0" errors="0" timestamp="2015-03-10T00:17:21" hostname="Owner-PC" time="0.008">
  <properties/>
  <testcase name="testGetSetRoundCount" classname="newworldorder.game.model.GameTest" time="0.001"/>
  <testcase name="testGetAllChat" classname="newworldorder.game.model.GameTest" time="0.001"/>
  <testcase name="testGetPlayers" classname="newworldorder.game.model.GameTest" time="0.0"/>
  <testcase name="testGetChatSentBy" classname="newworldorder.game.model.GameTest" time="0.0"/>
  <testcase name="testGetSetHasWon" classname="newworldorder.game.model.GameTest" time="0.0"/>
  <testcase name="testGetMap" classname="newworldorder.game.model.GameTest" time="0.003"/>
  <testcase name="testGetSetTurnOf" classname="newworldorder.game.model.GameTest" time="0.001"/>
  <system-out><![CDATA[]]></system-out>
  <system-err><![CDATA[]]></system-err>
</testsuite>
