<?xml version="1.0" encoding="UTF-8"?>
<testsuite name="newworldorder.game.model.TileTest" tests="16" skipped="0" failures="0" errors="0" timestamp="2015-03-10T00:17:21" hostname="Owner-PC" time="0.023">
  <properties/>
  <testcase name="testSetStructure" classname="newworldorder.game.model.TileTest" time="0.0"/>
  <testcase name="testSetVillage" classname="newworldorder.game.model.TileTest" time="0.0"/>
  <testcase name="testGetControllingPlayer" classname="newworldorder.game.model.TileTest" time="0.013"/>
  <testcase name="testCacheNeighbors" classname="newworldorder.game.model.TileTest" time="0.0"/>
  <testcase name="testGetUnit" classname="newworldorder.game.model.TileTest" time="0.001"/>
  <testcase name="testKillUnit" classname="newworldorder.game.model.TileTest" time="0.0"/>
  <testcase name="testSetTerrainType" classname="newworldorder.game.model.TileTest" time="0.0"/>
  <testcase name="testGetVillage" classname="newworldorder.game.model.TileTest" time="0.0"/>
  <testcase name="testHashCode" classname="newworldorder.game.model.TileTest" time="0.0"/>
  <testcase name="testGetStructure" classname="newworldorder.game.model.TileTest" time="0.0"/>
  <testcase name="testSetRegion" classname="newworldorder.game.model.TileTest" time="0.0"/>
  <testcase name="testEquals" classname="newworldorder.game.model.TileTest" time="0.001"/>
  <testcase name="testGetRegion" classname="newworldorder.game.model.TileTest" time="0.0"/>
  <testcase name="testSetUnit" classname="newworldorder.game.model.TileTest" time="0.001"/>
  <testcase name="testGetNeighbours" classname="newworldorder.game.model.TileTest" time="0.0"/>
  <testcase name="testGetTerrainType" classname="newworldorder.game.model.TileTest" time="0.001"/>
  <system-out><![CDATA[]]></system-out>
  <system-err><![CDATA[]]></system-err>
</testsuite>
