<?xml version="1.0" encoding="UTF-8"?>
<testsuite name="newworldorder.game.model.UnitTest" tests="15" skipped="0" failures="0" errors="0" timestamp="2015-03-10T00:17:22" hostname="Owner-PC" time="0.015">
  <properties/>
  <testcase name="testSetVillage" classname="newworldorder.game.model.UnitTest" time="0.007"/>
  <testcase name="testGetControllingPlayer" classname="newworldorder.game.model.UnitTest" time="0.0"/>
  <testcase name="testGetImmobileUntilRound" classname="newworldorder.game.model.UnitTest" time="0.0"/>
  <testcase name="testKill" classname="newworldorder.game.model.UnitTest" time="0.0"/>
  <testcase name="testGetTile" classname="newworldorder.game.model.UnitTest" time="0.0"/>
  <testcase name="testGetCurrentAction" classname="newworldorder.game.model.UnitTest" time="0.001"/>
  <testcase name="testUnitLevel" classname="newworldorder.game.model.UnitTest" time="0.0"/>
  <testcase name="testUnitCost" classname="newworldorder.game.model.UnitTest" time="0.001"/>
  <testcase name="testGetVillage" classname="newworldorder.game.model.UnitTest" time="0.0"/>
  <testcase name="testSetUnitCost" classname="newworldorder.game.model.UnitTest" time="0.001"/>
  <testcase name="testGetUnitType" classname="newworldorder.game.model.UnitTest" time="0.0"/>
  <testcase name="testSetImmobileUntilRound" classname="newworldorder.game.model.UnitTest" time="0.001"/>
  <testcase name="testGetUpkeep" classname="newworldorder.game.model.UnitTest" time="0.0"/>
  <testcase name="testSetTile" classname="newworldorder.game.model.UnitTest" time="0.001"/>
  <testcase name="testSetCurrentAction" classname="newworldorder.game.model.UnitTest" time="0.0"/>
  <system-out><![CDATA[]]></system-out>
  <system-err><![CDATA[]]></system-err>
</testsuite>
