<?xml version="1.0" encoding="UTF-8"?>
<testsuite name="newworldorder.game.driver.ModelManagerGameplayTest" tests="1" skipped="0" failures="0" errors="0" timestamp="2015-03-10T00:17:19" hostname="Owner-PC" time="0.415">
  <properties/>
  <testcase name="testGameplay" classname="newworldorder.game.driver.ModelManagerGameplayTest" time="0.415"/>
  <system-out><![CDATA[]]></system-out>
  <system-err><![CDATA[]]></system-err>
</testsuite>
