<?xml version="1.0" encoding="UTF-8"?>
<testsuite name="newworldorder.game.model.VillageTest" tests="15" skipped="0" failures="0" errors="0" timestamp="2015-03-10T00:17:22" hostname="Owner-PC" time="0.007">
  <properties/>
  <testcase name="testGetVillageType" classname="newworldorder.game.model.VillageTest" time="0.0"/>
  <testcase name="testAddUnit" classname="newworldorder.game.model.VillageTest" time="0.001"/>
  <testcase name="testTransactGold" classname="newworldorder.game.model.VillageTest" time="0.0"/>
  <testcase name="testTransactWood" classname="newworldorder.game.model.VillageTest" time="0.0"/>
  <testcase name="testkill" classname="newworldorder.game.model.VillageTest" time="0.0"/>
  <testcase name="testKillUnits" classname="newworldorder.game.model.VillageTest" time="0.0"/>
  <testcase name="testGetGold" classname="newworldorder.game.model.VillageTest" time="0.0"/>
  <testcase name="testGetTile" classname="newworldorder.game.model.VillageTest" time="0.0"/>
  <testcase name="testGetWood" classname="newworldorder.game.model.VillageTest" time="0.0"/>
  <testcase name="testGetSupportedUnits" classname="newworldorder.game.model.VillageTest" time="0.0"/>
  <testcase name="testGetControlledBy" classname="newworldorder.game.model.VillageTest" time="0.0"/>
  <testcase name="testRemoveUnit" classname="newworldorder.game.model.VillageTest" time="0.0"/>
  <testcase name="testSetVillageType" classname="newworldorder.game.model.VillageTest" time="0.0"/>
  <testcase name="testGetTotalIncome" classname="newworldorder.game.model.VillageTest" time="0.001"/>
  <testcase name="testGetTotalUpkeep" classname="newworldorder.game.model.VillageTest" time="0.0"/>
  <system-out><![CDATA[]]></system-out>
  <system-err><![CDATA[]]></system-err>
</testsuite>
