<?xml version="1.0" encoding="UTF-8"?>
<testsuite name="newworldorder.game.driver.ModelSerializerTest" tests="4" skipped="0" failures="2" errors="0" timestamp="2015-03-10T00:17:20" hostname="Owner-PC" time="0.147">
  <properties/>
  <testcase name="testLoadGameState" classname="newworldorder.game.driver.ModelSerializerTest" time="0.076">
    <failure message="java.lang.AssertionError" type="java.lang.AssertionError">java.lang.AssertionError
	at org.junit.Assert.fail(Assert.java:86)
	at org.junit.Assert.fail(Assert.java:95)
	at newworldorder.game.driver.ModelSerializerTest.testLoadGameState(ModelSerializerTest.java:94)
	at sun.reflect.NativeMethodAccessorImpl.invoke0(Native Method)
	at sun.reflect.NativeMethodAccessorImpl.invoke(NativeMethodAccessorImpl.java:62)
	at sun.reflect.DelegatingMethodAccessorImpl.invoke(DelegatingMethodAccessorImpl.java:43)
	at java.lang.reflect.Method.invoke(Method.java:483)
	at org.junit.runners.model.FrameworkMethod$1.runReflectiveCall(FrameworkMethod.java:47)
	at org.junit.internal.runners.model.ReflectiveCallable.run(ReflectiveCallable.java:12)
	at org.junit.runners.model.FrameworkMethod.invokeExplosively(FrameworkMethod.java:44)
	at org.junit.internal.runners.statements.InvokeMethod.evaluate(InvokeMethod.java:17)
	at org.junit.internal.runners.statements.RunBefores.evaluate(RunBefores.java:26)
	at org.junit.runners.ParentRunner.runLeaf(ParentRunner.java:271)
	at org.junit.runners.BlockJUnit4ClassRunner.runChild(BlockJUnit4ClassRunner.java:70)
	at org.junit.runners.BlockJUnit4ClassRunner.runChild(BlockJUnit4ClassRunner.java:50)
	at org.junit.runners.ParentRunner$3.run(ParentRunner.java:238)
	at org.junit.runners.ParentRunner$1.schedule(ParentRunner.java:63)
	at org.junit.runners.ParentRunner.runChildren(ParentRunner.java:236)
	at org.junit.runners.ParentRunner.access$000(ParentRunner.java:53)
	at org.junit.runners.ParentRunner$2.evaluate(ParentRunner.java:229)
	at org.junit.runners.ParentRunner.run(ParentRunner.java:309)
	at org.gradle.api.internal.tasks.testing.junit.JUnitTestClassExecuter.runTestClass(JUnitTestClassExecuter.java:86)
	at org.gradle.api.internal.tasks.testing.junit.JUnitTestClassExecuter.execute(JUnitTestClassExecuter.java:49)
	at org.gradle.api.internal.tasks.testing.junit.JUnitTestClassProcessor.processTestClass(JUnitTestClassProcessor.java:64)
	at org.gradle.api.internal.tasks.testing.SuiteTestClassProcessor.processTestClass(SuiteTestClassProcessor.java:50)
	at sun.reflect.NativeMethodAccessorImpl.invoke0(Native Method)
	at sun.reflect.NativeMethodAccessorImpl.invoke(NativeMethodAccessorImpl.java:62)
	at sun.reflect.DelegatingMethodAccessorImpl.invoke(DelegatingMethodAccessorImpl.java:43)
	at java.lang.reflect.Method.invoke(Method.java:483)
	at org.gradle.messaging.dispatch.ReflectionDispatch.dispatch(ReflectionDispatch.java:35)
	at org.gradle.messaging.dispatch.ReflectionDispatch.dispatch(ReflectionDispatch.java:24)
	at org.gradle.messaging.dispatch.ContextClassLoaderDispatch.dispatch(ContextClassLoaderDispatch.java:32)
	at org.gradle.messaging.dispatch.ProxyDispatchAdapter$DispatchingInvocationHandler.invoke(ProxyDispatchAdapter.java:93)
	at com.sun.proxy.$Proxy2.processTestClass(Unknown Source)
	at org.gradle.api.internal.tasks.testing.worker.TestWorker.processTestClass(TestWorker.java:106)
	at sun.reflect.NativeMethodAccessorImpl.invoke0(Native Method)
	at sun.reflect.NativeMethodAccessorImpl.invoke(NativeMethodAccessorImpl.java:62)
	at sun.reflect.DelegatingMethodAccessorImpl.invoke(DelegatingMethodAccessorImpl.java:43)
	at java.lang.reflect.Method.invoke(Method.java:483)
	at org.gradle.messaging.dispatch.ReflectionDispatch.dispatch(ReflectionDispatch.java:35)
	at org.gradle.messaging.dispatch.ReflectionDispatch.dispatch(ReflectionDispatch.java:24)
	at org.gradle.messaging.remote.internal.hub.MessageHub$Handler.run(MessageHub.java:360)
	at org.gradle.internal.concurrent.DefaultExecutorFactory$StoppableExecutorImpl$1.run(DefaultExecutorFactory.java:64)
	at java.util.concurrent.ThreadPoolExecutor.runWorker(ThreadPoolExecutor.java:1142)
	at java.util.concurrent.ThreadPoolExecutor$Worker.run(ThreadPoolExecutor.java:617)
	at java.lang.Thread.run(Thread.java:745)
</failure>
  </testcase>
  <testcase name="testLoadMap" classname="newworldorder.game.driver.ModelSerializerTest" time="0.042">
    <failure message="java.lang.AssertionError" type="java.lang.AssertionError">java.lang.AssertionError
	at org.junit.Assert.fail(Assert.java:86)
	at org.junit.Assert.fail(Assert.java:95)
	at newworldorder.game.driver.ModelSerializerTest.testLoadMap(ModelSerializerTest.java:70)
	at sun.reflect.NativeMethodAccessorImpl.invoke0(Native Method)
	at sun.reflect.NativeMethodAccessorImpl.invoke(NativeMethodAccessorImpl.java:62)
	at sun.reflect.DelegatingMethodAccessorImpl.invoke(DelegatingMethodAccessorImpl.java:43)
	at java.lang.reflect.Method.invoke(Method.java:483)
	at org.junit.runners.model.FrameworkMethod$1.runReflectiveCall(FrameworkMethod.java:47)
	at org.junit.internal.runners.model.ReflectiveCallable.run(ReflectiveCallable.java:12)
	at org.junit.runners.model.FrameworkMethod.invokeExplosively(FrameworkMethod.java:44)
	at org.junit.internal.runners.statements.InvokeMethod.evaluate(InvokeMethod.java:17)
	at org.junit.internal.runners.statements.RunBefores.evaluate(RunBefores.java:26)
	at org.junit.runners.ParentRunner.runLeaf(ParentRunner.java:271)
	at org.junit.runners.BlockJUnit4ClassRunner.runChild(BlockJUnit4ClassRunner.java:70)
	at org.junit.runners.BlockJUnit4ClassRunner.runChild(BlockJUnit4ClassRunner.java:50)
	at org.junit.runners.ParentRunner$3.run(ParentRunner.java:238)
	at org.junit.runners.ParentRunner$1.schedule(ParentRunner.java:63)
	at org.junit.runners.ParentRunner.runChildren(ParentRunner.java:236)
	at org.junit.runners.ParentRunner.access$000(ParentRunner.java:53)
	at org.junit.runners.ParentRunner$2.evaluate(ParentRunner.java:229)
	at org.junit.runners.ParentRunner.run(ParentRunner.java:309)
	at org.gradle.api.internal.tasks.testing.junit.JUnitTestClassExecuter.runTestClass(JUnitTestClassExecuter.java:86)
	at org.gradle.api.internal.tasks.testing.junit.JUnitTestClassExecuter.execute(JUnitTestClassExecuter.java:49)
	at org.gradle.api.internal.tasks.testing.junit.JUnitTestClassProcessor.processTestClass(JUnitTestClassProcessor.java:64)
	at org.gradle.api.internal.tasks.testing.SuiteTestClassProcessor.processTestClass(SuiteTestClassProcessor.java:50)
	at sun.reflect.NativeMethodAccessorImpl.invoke0(Native Method)
	at sun.reflect.NativeMethodAccessorImpl.invoke(NativeMethodAccessorImpl.java:62)
	at sun.reflect.DelegatingMethodAccessorImpl.invoke(DelegatingMethodAccessorImpl.java:43)
	at java.lang.reflect.Method.invoke(Method.java:483)
	at org.gradle.messaging.dispatch.ReflectionDispatch.dispatch(ReflectionDispatch.java:35)
	at org.gradle.messaging.dispatch.ReflectionDispatch.dispatch(ReflectionDispatch.java:24)
	at org.gradle.messaging.dispatch.ContextClassLoaderDispatch.dispatch(ContextClassLoaderDispatch.java:32)
	at org.gradle.messaging.dispatch.ProxyDispatchAdapter$DispatchingInvocationHandler.invoke(ProxyDispatchAdapter.java:93)
	at com.sun.proxy.$Proxy2.processTestClass(Unknown Source)
	at org.gradle.api.internal.tasks.testing.worker.TestWorker.processTestClass(TestWorker.java:106)
	at sun.reflect.NativeMethodAccessorImpl.invoke0(Native Method)
	at sun.reflect.NativeMethodAccessorImpl.invoke(NativeMethodAccessorImpl.java:62)
	at sun.reflect.DelegatingMethodAccessorImpl.invoke(DelegatingMethodAccessorImpl.java:43)
	at java.lang.reflect.Method.invoke(Method.java:483)
	at org.gradle.messaging.dispatch.ReflectionDispatch.dispatch(ReflectionDispatch.java:35)
	at org.gradle.messaging.dispatch.ReflectionDispatch.dispatch(ReflectionDispatch.java:24)
	at org.gradle.messaging.remote.internal.hub.MessageHub$Handler.run(MessageHub.java:360)
	at org.gradle.internal.concurrent.DefaultExecutorFactory$StoppableExecutorImpl$1.run(DefaultExecutorFactory.java:64)
	at java.util.concurrent.ThreadPoolExecutor.runWorker(ThreadPoolExecutor.java:1142)
	at java.util.concurrent.ThreadPoolExecutor$Worker.run(ThreadPoolExecutor.java:617)
	at java.lang.Thread.run(Thread.java:745)
</failure>
  </testcase>
  <testcase name="testSaveGameState" classname="newworldorder.game.driver.ModelSerializerTest" time="0.023"/>
  <testcase name="testSaveMap" classname="newworldorder.game.driver.ModelSerializerTest" time="0.004"/>
  <system-out><![CDATA[]]></system-out>
  <system-err><![CDATA[java.lang.ClassCastException: cannot assign instance of java.util.ArrayList to field newworldorder.game.model.Tile.neighbours of type java.util.Set in instance of newworldorder.game.model.Tile
	at java.io.ObjectStreamClass$FieldReflector.setObjFieldValues(ObjectStreamClass.java:2089)
	at java.io.ObjectStreamClass.setObjFieldValues(ObjectStreamClass.java:1261)
	at java.io.ObjectInputStream.defaultReadFields(ObjectInputStream.java:1999)
	at java.io.ObjectInputStream.readSerialData(ObjectInputStream.java:1918)
	at java.io.ObjectInputStream.readOrdinaryObject(ObjectInputStream.java:1801)
	at java.io.ObjectInputStream.readObject0(ObjectInputStream.java:1351)
	at java.io.ObjectInputStream.readObject(ObjectInputStream.java:371)
	at java.util.ArrayList.readObject(ArrayList.java:791)
	at sun.reflect.GeneratedMethodAccessor7.invoke(Unknown Source)
	at sun.reflect.DelegatingMethodAccessorImpl.invoke(DelegatingMethodAccessorImpl.java:43)
	at java.lang.reflect.Method.invoke(Method.java:483)
	at java.io.ObjectStreamClass.invokeReadObject(ObjectStreamClass.java:1017)
	at java.io.ObjectInputStream.readSerialData(ObjectInputStream.java:1896)
	at java.io.ObjectInputStream.readOrdinaryObject(ObjectInputStream.java:1801)
	at java.io.ObjectInputStream.readObject0(ObjectInputStream.java:1351)
	at java.io.ObjectInputStream.defaultReadFields(ObjectInputStream.java:1993)
	at java.io.ObjectInputStream.readSerialData(ObjectInputStream.java:1918)
	at java.io.ObjectInputStream.readOrdinaryObject(ObjectInputStream.java:1801)
	at java.io.ObjectInputStream.readObject0(ObjectInputStream.java:1351)
	at java.io.ObjectInputStream.readObject(ObjectInputStream.java:371)
	at java.util.ArrayList.readObject(ArrayList.java:791)
	at sun.reflect.GeneratedMethodAccessor7.invoke(Unknown Source)
	at sun.reflect.DelegatingMethodAccessorImpl.invoke(DelegatingMethodAccessorImpl.java:43)
	at java.lang.reflect.Method.invoke(Method.java:483)
	at java.io.ObjectStreamClass.invokeReadObject(ObjectStreamClass.java:1017)
	at java.io.ObjectInputStream.readSerialData(ObjectInputStream.java:1896)
	at java.io.ObjectInputStream.readOrdinaryObject(ObjectInputStream.java:1801)
	at java.io.ObjectInputStream.readObject0(ObjectInputStream.java:1351)
	at java.io.ObjectInputStream.defaultReadFields(ObjectInputStream.java:1993)
	at java.io.ObjectInputStream.readSerialData(ObjectInputStream.java:1918)
	at java.io.ObjectInputStream.readOrdinaryObject(ObjectInputStream.java:1801)
	at java.io.ObjectInputStream.readObject0(ObjectInputStream.java:1351)
	at java.io.ObjectInputStream.readObject(ObjectInputStream.java:371)
	at java.util.ArrayList.readObject(ArrayList.java:791)
	at sun.reflect.GeneratedMethodAccessor7.invoke(Unknown Source)
	at sun.reflect.DelegatingMethodAccessorImpl.invoke(DelegatingMethodAccessorImpl.java:43)
	at java.lang.reflect.Method.invoke(Method.java:483)
	at java.io.ObjectStreamClass.invokeReadObject(ObjectStreamClass.java:1017)
	at java.io.ObjectInputStream.readSerialData(ObjectInputStream.java:1896)
	at java.io.ObjectInputStream.readOrdinaryObject(ObjectInputStream.java:1801)
	at java.io.ObjectInputStream.readObject0(ObjectInputStream.java:1351)
	at java.io.ObjectInputStream.defaultReadFields(ObjectInputStream.java:1993)
	at java.io.ObjectInputStream.readSerialData(ObjectInputStream.java:1918)
	at java.io.ObjectInputStream.readOrdinaryObject(ObjectInputStream.java:1801)
	at java.io.ObjectInputStream.readObject0(ObjectInputStream.java:1351)
	at java.io.ObjectInputStream.readObject(ObjectInputStream.java:371)
	at java.util.ArrayList.readObject(ArrayList.java:791)
	at sun.reflect.GeneratedMethodAccessor7.invoke(Unknown Source)
	at sun.reflect.DelegatingMethodAccessorImpl.invoke(DelegatingMethodAccessorImpl.java:43)
	at java.lang.reflect.Method.invoke(Method.java:483)
	at java.io.ObjectStreamClass.invokeReadObject(ObjectStreamClass.java:1017)
	at java.io.ObjectInputStream.readSerialData(ObjectInputStream.java:1896)
	at java.io.ObjectInputStream.readOrdinaryObject(ObjectInputStream.java:1801)
	at java.io.ObjectInputStream.readObject0(ObjectInputStream.java:1351)
	at java.io.ObjectInputStream.defaultReadFields(ObjectInputStream.java:1993)
	at java.io.ObjectInputStream.readSerialData(ObjectInputStream.java:1918)
	at java.io.ObjectInputStream.readOrdinaryObject(ObjectInputStream.java:1801)
	at java.io.ObjectInputStream.readObject0(ObjectInputStream.java:1351)
	at java.io.ObjectInputStream.readObject(ObjectInputStream.java:371)
	at java.util.ArrayList.readObject(ArrayList.java:791)
	at sun.reflect.GeneratedMethodAccessor7.invoke(Unknown Source)
	at sun.reflect.DelegatingMethodAccessorImpl.invoke(DelegatingMethodAccessorImpl.java:43)
	at java.lang.reflect.Method.invoke(Method.java:483)
	at java.io.ObjectStreamClass.invokeReadObject(ObjectStreamClass.java:1017)
	at java.io.ObjectInputStream.readSerialData(ObjectInputStream.java:1896)
	at java.io.ObjectInputStream.readOrdinaryObject(ObjectInputStream.java:1801)
	at java.io.ObjectInputStream.readObject0(ObjectInputStream.java:1351)
	at java.io.ObjectInputStream.defaultReadFields(ObjectInputStream.java:1993)
	at java.io.ObjectInputStream.readSerialData(ObjectInputStream.java:1918)
	at java.io.ObjectInputStream.readOrdinaryObject(ObjectInputStream.java:1801)
	at java.io.ObjectInputStream.readObject0(ObjectInputStream.java:1351)
	at java.io.ObjectInputStream.readObject(ObjectInputStream.java:371)
	at java.util.ArrayList.readObject(ArrayList.java:791)
	at sun.reflect.GeneratedMethodAccessor7.invoke(Unknown Source)
	at sun.reflect.DelegatingMethodAccessorImpl.invoke(DelegatingMethodAccessorImpl.java:43)
	at java.lang.reflect.Method.invoke(Method.java:483)
	at java.io.ObjectStreamClass.invokeReadObject(ObjectStreamClass.java:1017)
	at java.io.ObjectInputStream.readSerialData(ObjectInputStream.java:1896)
	at java.io.ObjectInputStream.readOrdinaryObject(ObjectInputStream.java:1801)
	at java.io.ObjectInputStream.readObject0(ObjectInputStream.java:1351)
	at java.io.ObjectInputStream.defaultReadFields(ObjectInputStream.java:1993)
	at java.io.ObjectInputStream.readSerialData(ObjectInputStream.java:1918)
	at java.io.ObjectInputStream.readOrdinaryObject(ObjectInputStream.java:1801)
	at java.io.ObjectInputStream.readObject0(ObjectInputStream.java:1351)
	at java.io.ObjectInputStream.readObject(ObjectInputStream.java:371)
	at java.util.ArrayList.readObject(ArrayList.java:791)
	at sun.reflect.GeneratedMethodAccessor7.invoke(Unknown Source)
	at sun.reflect.DelegatingMethodAccessorImpl.invoke(DelegatingMethodAccessorImpl.java:43)
	at java.lang.reflect.Method.invoke(Method.java:483)
	at java.io.ObjectStreamClass.invokeReadObject(ObjectStreamClass.java:1017)
	at java.io.ObjectInputStream.readSerialData(ObjectInputStream.java:1896)
	at java.io.ObjectInputStream.readOrdinaryObject(ObjectInputStream.java:1801)
	at java.io.ObjectInputStream.readObject0(ObjectInputStream.java:1351)
	at java.io.ObjectInputStream.defaultReadFields(ObjectInputStream.java:1993)
	at java.io.ObjectInputStream.readSerialData(ObjectInputStream.java:1918)
	at java.io.ObjectInputStream.readOrdinaryObject(ObjectInputStream.java:1801)
	at java.io.ObjectInputStream.readObject0(ObjectInputStream.java:1351)
	at java.io.ObjectInputStream.readObject(ObjectInputStream.java:371)
	at java.util.ArrayList.readObject(ArrayList.java:791)
	at sun.reflect.GeneratedMethodAccessor7.invoke(Unknown Source)
	at sun.reflect.DelegatingMethodAccessorImpl.invoke(DelegatingMethodAccessorImpl.java:43)
	at java.lang.reflect.Method.invoke(Method.java:483)
	at java.io.ObjectStreamClass.invokeReadObject(ObjectStreamClass.java:1017)
	at java.io.ObjectInputStream.readSerialData(ObjectInputStream.java:1896)
	at java.io.ObjectInputStream.readOrdinaryObject(ObjectInputStream.java:1801)
	at java.io.ObjectInputStream.readObject0(ObjectInputStream.java:1351)
	at java.io.ObjectInputStream.defaultReadFields(ObjectInputStream.java:1993)
	at java.io.ObjectInputStream.readSerialData(ObjectInputStream.java:1918)
	at java.io.ObjectInputStream.readOrdinaryObject(ObjectInputStream.java:1801)
	at java.io.ObjectInputStream.readObject0(ObjectInputStream.java:1351)
	at java.io.ObjectInputStream.readObject(ObjectInputStream.java:371)
	at java.util.ArrayList.readObject(ArrayList.java:791)
	at sun.reflect.GeneratedMethodAccessor7.invoke(Unknown Source)
	at sun.reflect.DelegatingMethodAccessorImpl.invoke(DelegatingMethodAccessorImpl.java:43)
	at java.lang.reflect.Method.invoke(Method.java:483)
	at java.io.ObjectStreamClass.invokeReadObject(ObjectStreamClass.java:1017)
	at java.io.ObjectInputStream.readSerialData(ObjectInputStream.java:1896)
	at java.io.ObjectInputStream.readOrdinaryObject(ObjectInputStream.java:1801)
	at java.io.ObjectInputStream.readObject0(ObjectInputStream.java:1351)
	at java.io.ObjectInputStream.defaultReadFields(ObjectInputStream.java:1993)
	at java.io.ObjectInputStream.readSerialData(ObjectInputStream.java:1918)
	at java.io.ObjectInputStream.readOrdinaryObject(ObjectInputStream.java:1801)
	at java.io.ObjectInputStream.readObject0(ObjectInputStream.java:1351)
	at java.io.ObjectInputStream.readObject(ObjectInputStream.java:371)
	at java.util.ArrayList.readObject(ArrayList.java:791)
	at sun.reflect.GeneratedMethodAccessor7.invoke(Unknown Source)
	at sun.reflect.DelegatingMethodAccessorImpl.invoke(DelegatingMethodAccessorImpl.java:43)
	at java.lang.reflect.Method.invoke(Method.java:483)
	at java.io.ObjectStreamClass.invokeReadObject(ObjectStreamClass.java:1017)
	at java.io.ObjectInputStream.readSerialData(ObjectInputStream.java:1896)
	at java.io.ObjectInputStream.readOrdinaryObject(ObjectInputStream.java:1801)
	at java.io.ObjectInputStream.readObject0(ObjectInputStream.java:1351)
	at java.io.ObjectInputStream.defaultReadFields(ObjectInputStream.java:1993)
	at java.io.ObjectInputStream.readSerialData(ObjectInputStream.java:1918)
	at java.io.ObjectInputStream.readOrdinaryObject(ObjectInputStream.java:1801)
	at java.io.ObjectInputStream.readObject0(ObjectInputStream.java:1351)
	at java.io.ObjectInputStream.readObject(ObjectInputStream.java:371)
	at java.util.ArrayList.readObject(ArrayList.java:791)
	at sun.reflect.GeneratedMethodAccessor7.invoke(Unknown Source)
	at sun.reflect.DelegatingMethodAccessorImpl.invoke(DelegatingMethodAccessorImpl.java:43)
	at java.lang.reflect.Method.invoke(Method.java:483)
	at java.io.ObjectStreamClass.invokeReadObject(ObjectStreamClass.java:1017)
	at java.io.ObjectInputStream.readSerialData(ObjectInputStream.java:1896)
	at java.io.ObjectInputStream.readOrdinaryObject(ObjectInputStream.java:1801)
	at java.io.ObjectInputStream.readObject0(ObjectInputStream.java:1351)
	at java.io.ObjectInputStream.defaultReadFields(ObjectInputStream.java:1993)
	at java.io.ObjectInputStream.readSerialData(ObjectInputStream.java:1918)
	at java.io.ObjectInputStream.readOrdinaryObject(ObjectInputStream.java:1801)
	at java.io.ObjectInputStream.readObject0(ObjectInputStream.java:1351)
	at java.io.ObjectInputStream.readObject(ObjectInputStream.java:371)
	at java.util.ArrayList.readObject(ArrayList.java:791)
	at sun.reflect.GeneratedMethodAccessor7.invoke(Unknown Source)
	at sun.reflect.DelegatingMethodAccessorImpl.invoke(DelegatingMethodAccessorImpl.java:43)
	at java.lang.reflect.Method.invoke(Method.java:483)
	at java.io.ObjectStreamClass.invokeReadObject(ObjectStreamClass.java:1017)
	at java.io.ObjectInputStream.readSerialData(ObjectInputStream.java:1896)
	at java.io.ObjectInputStream.readOrdinaryObject(ObjectInputStream.java:1801)
	at java.io.ObjectInputStream.readObject0(ObjectInputStream.java:1351)
	at java.io.ObjectInputStream.defaultReadFields(ObjectInputStream.java:1993)
	at java.io.ObjectInputStream.readSerialData(ObjectInputStream.java:1918)
	at java.io.ObjectInputStream.readOrdinaryObject(ObjectInputStream.java:1801)
	at java.io.ObjectInputStream.readObject0(ObjectInputStream.java:1351)
	at java.io.ObjectInputStream.readObject(ObjectInputStream.java:371)
	at java.util.ArrayList.readObject(ArrayList.java:791)
	at sun.reflect.GeneratedMethodAccessor7.invoke(Unknown Source)
	at sun.reflect.DelegatingMethodAccessorImpl.invoke(DelegatingMethodAccessorImpl.java:43)
	at java.lang.reflect.Method.invoke(Method.java:483)
	at java.io.ObjectStreamClass.invokeReadObject(ObjectStreamClass.java:1017)
	at java.io.ObjectInputStream.readSerialData(ObjectInputStream.java:1896)
	at java.io.ObjectInputStream.readOrdinaryObject(ObjectInputStream.java:1801)
	at java.io.ObjectInputStream.readObject0(ObjectInputStream.java:1351)
	at java.io.ObjectInputStream.defaultReadFields(ObjectInputStream.java:1993)
	at java.io.ObjectInputStream.readSerialData(ObjectInputStream.java:1918)
	at java.io.ObjectInputStream.readOrdinaryObject(ObjectInputStream.java:1801)
	at java.io.ObjectInputStream.readObject0(ObjectInputStream.java:1351)
	at java.io.ObjectInputStream.readObject(ObjectInputStream.java:371)
	at java.util.ArrayList.readObject(ArrayList.java:791)
	at sun.reflect.GeneratedMethodAccessor7.invoke(Unknown Source)
	at sun.reflect.DelegatingMethodAccessorImpl.invoke(DelegatingMethodAccessorImpl.java:43)
	at java.lang.reflect.Method.invoke(Method.java:483)
	at java.io.ObjectStreamClass.invokeReadObject(ObjectStreamClass.java:1017)
	at java.io.ObjectInputStream.readSerialData(ObjectInputStream.java:1896)
	at java.io.ObjectInputStream.readOrdinaryObject(ObjectInputStream.java:1801)
	at java.io.ObjectInputStream.readObject0(ObjectInputStream.java:1351)
	at java.io.ObjectInputStream.defaultReadFields(ObjectInputStream.java:1993)
	at java.io.ObjectInputStream.readSerialData(ObjectInputStream.java:1918)
	at java.io.ObjectInputStream.readOrdinaryObject(ObjectInputStream.java:1801)
	at java.io.ObjectInputStream.readObject0(ObjectInputStream.java:1351)
	at java.io.ObjectInputStream.readObject(ObjectInputStream.java:371)
	at java.util.ArrayList.readObject(ArrayList.java:791)
	at sun.reflect.GeneratedMethodAccessor7.invoke(Unknown Source)
	at sun.reflect.DelegatingMethodAccessorImpl.invoke(DelegatingMethodAccessorImpl.java:43)
	at java.lang.reflect.Method.invoke(Method.java:483)
	at java.io.ObjectStreamClass.invokeReadObject(ObjectStreamClass.java:1017)
	at java.io.ObjectInputStream.readSerialData(ObjectInputStream.java:1896)
	at java.io.ObjectInputStream.readOrdinaryObject(ObjectInputStream.java:1801)
	at java.io.ObjectInputStream.readObject0(ObjectInputStream.java:1351)
	at java.io.ObjectInputStream.defaultReadFields(ObjectInputStream.java:1993)
	at java.io.ObjectInputStream.readSerialData(ObjectInputStream.java:1918)
	at java.io.ObjectInputStream.readOrdinaryObject(ObjectInputStream.java:1801)
	at java.io.ObjectInputStream.readObject0(ObjectInputStream.java:1351)
	at java.io.ObjectInputStream.readObject(ObjectInputStream.java:371)
	at java.util.ArrayList.readObject(ArrayList.java:791)
	at sun.reflect.GeneratedMethodAccessor7.invoke(Unknown Source)
	at sun.reflect.DelegatingMethodAccessorImpl.invoke(DelegatingMethodAccessorImpl.java:43)
	at java.lang.reflect.Method.invoke(Method.java:483)
	at java.io.ObjectStreamClass.invokeReadObject(ObjectStreamClass.java:1017)
	at java.io.ObjectInputStream.readSerialData(ObjectInputStream.java:1896)
	at java.io.ObjectInputStream.readOrdinaryObject(ObjectInputStream.java:1801)
	at java.io.ObjectInputStream.readObject0(ObjectInputStream.java:1351)
	at java.io.ObjectInputStream.defaultReadFields(ObjectInputStream.java:1993)
	at java.io.ObjectInputStream.readSerialData(ObjectInputStream.java:1918)
	at java.io.ObjectInputStream.readOrdinaryObject(ObjectInputStream.java:1801)
	at java.io.ObjectInputStream.readObject0(ObjectInputStream.java:1351)
	at java.io.ObjectInputStream.readObject(ObjectInputStream.java:371)
	at java.util.ArrayList.readObject(ArrayList.java:791)
	at sun.reflect.GeneratedMethodAccessor7.invoke(Unknown Source)
	at sun.reflect.DelegatingMethodAccessorImpl.invoke(DelegatingMethodAccessorImpl.java:43)
	at java.lang.reflect.Method.invoke(Method.java:483)
	at java.io.ObjectStreamClass.invokeReadObject(ObjectStreamClass.java:1017)
	at java.io.ObjectInputStream.readSerialData(ObjectInputStream.java:1896)
	at java.io.ObjectInputStream.readOrdinaryObject(ObjectInputStream.java:1801)
	at java.io.ObjectInputStream.readObject0(ObjectInputStream.java:1351)
	at java.io.ObjectInputStream.defaultReadFields(ObjectInputStream.java:1993)
	at java.io.ObjectInputStream.readSerialData(ObjectInputStream.java:1918)
	at java.io.ObjectInputStream.readOrdinaryObject(ObjectInputStream.java:1801)
	at java.io.ObjectInputStream.readObject0(ObjectInputStream.java:1351)
	at java.io.ObjectInputStream.readObject(ObjectInputStream.java:371)
	at java.util.ArrayList.readObject(ArrayList.java:791)
	at sun.reflect.GeneratedMethodAccessor7.invoke(Unknown Source)
	at sun.reflect.DelegatingMethodAccessorImpl.invoke(DelegatingMethodAccessorImpl.java:43)
	at java.lang.reflect.Method.invoke(Method.java:483)
	at java.io.ObjectStreamClass.invokeReadObject(ObjectStreamClass.java:1017)
	at java.io.ObjectInputStream.readSerialData(ObjectInputStream.java:1896)
	at java.io.ObjectInputStream.readOrdinaryObject(ObjectInputStream.java:1801)
	at java.io.ObjectInputStream.readObject0(ObjectInputStream.java:1351)
	at java.io.ObjectInputStream.defaultReadFields(ObjectInputStream.java:1993)
	at java.io.ObjectInputStream.readSerialData(ObjectInputStream.java:1918)
	at java.io.ObjectInputStream.readOrdinaryObject(ObjectInputStream.java:1801)
	at java.io.ObjectInputStream.readObject0(ObjectInputStream.java:1351)
	at java.io.ObjectInputStream.readObject(ObjectInputStream.java:371)
	at java.util.ArrayList.readObject(ArrayList.java:791)
	at sun.reflect.GeneratedMethodAccessor7.invoke(Unknown Source)
	at sun.reflect.DelegatingMethodAccessorImpl.invoke(DelegatingMethodAccessorImpl.java:43)
	at java.lang.reflect.Method.invoke(Method.java:483)
	at java.io.ObjectStreamClass.invokeReadObject(ObjectStreamClass.java:1017)
	at java.io.ObjectInputStream.readSerialData(ObjectInputStream.java:1896)
	at java.io.ObjectInputStream.readOrdinaryObject(ObjectInputStream.java:1801)
	at java.io.ObjectInputStream.readObject0(ObjectInputStream.java:1351)
	at java.io.ObjectInputStream.defaultReadFields(ObjectInputStream.java:1993)
	at java.io.ObjectInputStream.readSerialData(ObjectInputStream.java:1918)
	at java.io.ObjectInputStream.readOrdinaryObject(ObjectInputStream.java:1801)
	at java.io.ObjectInputStream.readObject0(ObjectInputStream.java:1351)
	at java.io.ObjectInputStream.readObject(ObjectInputStream.java:371)
	at java.util.ArrayList.readObject(ArrayList.java:791)
	at sun.reflect.GeneratedMethodAccessor7.invoke(Unknown Source)
	at sun.reflect.DelegatingMethodAccessorImpl.invoke(DelegatingMethodAccessorImpl.java:43)
	at java.lang.reflect.Method.invoke(Method.java:483)
	at java.io.ObjectStreamClass.invokeReadObject(ObjectStreamClass.java:1017)
	at java.io.ObjectInputStream.readSerialData(ObjectInputStream.java:1896)
	at java.io.ObjectInputStream.readOrdinaryObject(ObjectInputStream.java:1801)
	at java.io.ObjectInputStream.readObject0(ObjectInputStream.java:1351)
	at java.io.ObjectInputStream.defaultReadFields(ObjectInputStream.java:1993)
	at java.io.ObjectInputStream.readSerialData(ObjectInputStream.java:1918)
	at java.io.ObjectInputStream.readOrdinaryObject(ObjectInputStream.java:1801)
	at java.io.ObjectInputStream.readObject0(ObjectInputStream.java:1351)
	at java.io.ObjectInputStream.readObject(ObjectInputStream.java:371)
	at java.util.ArrayList.readObject(ArrayList.java:791)
	at sun.reflect.GeneratedMethodAccessor7.invoke(Unknown Source)
	at sun.reflect.DelegatingMethodAccessorImpl.invoke(DelegatingMethodAccessorImpl.java:43)
	at java.lang.reflect.Method.invoke(Method.java:483)
	at java.io.ObjectStreamClass.invokeReadObject(ObjectStreamClass.java:1017)
	at java.io.ObjectInputStream.readSerialData(ObjectInputStream.java:1896)
	at java.io.ObjectInputStream.readOrdinaryObject(ObjectInputStream.java:1801)
	at java.io.ObjectInputStream.readObject0(ObjectInputStream.java:1351)
	at java.io.ObjectInputStream.defaultReadFields(ObjectInputStream.java:1993)
	at java.io.ObjectInputStream.readSerialData(ObjectInputStream.java:1918)
	at java.io.ObjectInputStream.readOrdinaryObject(ObjectInputStream.java:1801)
	at java.io.ObjectInputStream.readObject0(ObjectInputStream.java:1351)
	at java.io.ObjectInputStream.readObject(ObjectInputStream.java:371)
	at java.util.ArrayList.readObject(ArrayList.java:791)
	at sun.reflect.GeneratedMethodAccessor7.invoke(Unknown Source)
	at sun.reflect.DelegatingMethodAccessorImpl.invoke(DelegatingMethodAccessorImpl.java:43)
	at java.lang.reflect.Method.invoke(Method.java:483)
	at java.io.ObjectStreamClass.invokeReadObject(ObjectStreamClass.java:1017)
	at java.io.ObjectInputStream.readSerialData(ObjectInputStream.java:1896)
	at java.io.ObjectInputStream.readOrdinaryObject(ObjectInputStream.java:1801)
	at java.io.ObjectInputStream.readObject0(ObjectInputStream.java:1351)
	at java.io.ObjectInputStream.defaultReadFields(ObjectInputStream.java:1993)
	at java.io.ObjectInputStream.readSerialData(ObjectInputStream.java:1918)
	at java.io.ObjectInputStream.readOrdinaryObject(ObjectInputStream.java:1801)
	at java.io.ObjectInputStream.readObject0(ObjectInputStream.java:1351)
	at java.io.ObjectInputStream.readObject(ObjectInputStream.java:371)
	at java.util.ArrayList.readObject(ArrayList.java:791)
	at sun.reflect.GeneratedMethodAccessor7.invoke(Unknown Source)
	at sun.reflect.DelegatingMethodAccessorImpl.invoke(DelegatingMethodAccessorImpl.java:43)
	at java.lang.reflect.Method.invoke(Method.java:483)
	at java.io.ObjectStreamClass.invokeReadObject(ObjectStreamClass.java:1017)
	at java.io.ObjectInputStream.readSerialData(ObjectInputStream.java:1896)
	at java.io.ObjectInputStream.readOrdinaryObject(ObjectInputStream.java:1801)
	at java.io.ObjectInputStream.readObject0(ObjectInputStream.java:1351)
	at java.io.ObjectInputStream.defaultReadFields(ObjectInputStream.java:1993)
	at java.io.ObjectInputStream.readSerialData(ObjectInputStream.java:1918)
	at java.io.ObjectInputStream.readOrdinaryObject(ObjectInputStream.java:1801)
	at java.io.ObjectInputStream.readObject0(ObjectInputStream.java:1351)
	at java.io.ObjectInputStream.readObject(ObjectInputStream.java:371)
	at java.util.ArrayList.readObject(ArrayList.java:791)
	at sun.reflect.GeneratedMethodAccessor7.invoke(Unknown Source)
	at sun.reflect.DelegatingMethodAccessorImpl.invoke(DelegatingMethodAccessorImpl.java:43)
	at java.lang.reflect.Method.invoke(Method.java:483)
	at java.io.ObjectStreamClass.invokeReadObject(ObjectStreamClass.java:1017)
	at java.io.ObjectInputStream.readSerialData(ObjectInputStream.java:1896)
	at java.io.ObjectInputStream.readOrdinaryObject(ObjectInputStream.java:1801)
	at java.io.ObjectInputStream.readObject0(ObjectInputStream.java:1351)
	at java.io.ObjectInputStream.defaultReadFields(ObjectInputStream.java:1993)
	at java.io.ObjectInputStream.readSerialData(ObjectInputStream.java:1918)
	at java.io.ObjectInputStream.readOrdinaryObject(ObjectInputStream.java:1801)
	at java.io.ObjectInputStream.readObject0(ObjectInputStream.java:1351)
	at java.io.ObjectInputStream.readObject(ObjectInputStream.java:371)
	at java.util.ArrayList.readObject(ArrayList.java:791)
	at sun.reflect.GeneratedMethodAccessor7.invoke(Unknown Source)
	at sun.reflect.DelegatingMethodAccessorImpl.invoke(DelegatingMethodAccessorImpl.java:43)
	at java.lang.reflect.Method.invoke(Method.java:483)
	at java.io.ObjectStreamClass.invokeReadObject(ObjectStreamClass.java:1017)
	at java.io.ObjectInputStream.readSerialData(ObjectInputStream.java:1896)
	at java.io.ObjectInputStream.readOrdinaryObject(ObjectInputStream.java:1801)
	at java.io.ObjectInputStream.readObject0(ObjectInputStream.java:1351)
	at java.io.ObjectInputStream.defaultReadFields(ObjectInputStream.java:1993)
	at java.io.ObjectInputStream.readSerialData(ObjectInputStream.java:1918)
	at java.io.ObjectInputStream.readOrdinaryObject(ObjectInputStream.java:1801)
	at java.io.ObjectInputStream.readObject0(ObjectInputStream.java:1351)
	at java.io.ObjectInputStream.readObject(ObjectInputStream.java:371)
	at java.util.ArrayList.readObject(ArrayList.java:791)
	at sun.reflect.GeneratedMethodAccessor7.invoke(Unknown Source)
	at sun.reflect.DelegatingMethodAccessorImpl.invoke(DelegatingMethodAccessorImpl.java:43)
	at java.lang.reflect.Method.invoke(Method.java:483)
	at java.io.ObjectStreamClass.invokeReadObject(ObjectStreamClass.java:1017)
	at java.io.ObjectInputStream.readSerialData(ObjectInputStream.java:1896)
	at java.io.ObjectInputStream.readOrdinaryObject(ObjectInputStream.java:1801)
	at java.io.ObjectInputStream.readObject0(ObjectInputStream.java:1351)
	at java.io.ObjectInputStream.defaultReadFields(ObjectInputStream.java:1993)
	at java.io.ObjectInputStream.readSerialData(ObjectInputStream.java:1918)
	at java.io.ObjectInputStream.readOrdinaryObject(ObjectInputStream.java:1801)
	at java.io.ObjectInputStream.readObject0(ObjectInputStream.java:1351)
	at java.io.ObjectInputStream.readObject(ObjectInputStream.java:371)
	at java.util.ArrayList.readObject(ArrayList.java:791)
	at sun.reflect.GeneratedMethodAccessor7.invoke(Unknown Source)
	at sun.reflect.DelegatingMethodAccessorImpl.invoke(DelegatingMethodAccessorImpl.java:43)
	at java.lang.reflect.Method.invoke(Method.java:483)
	at java.io.ObjectStreamClass.invokeReadObject(ObjectStreamClass.java:1017)
	at java.io.ObjectInputStream.readSerialData(ObjectInputStream.java:1896)
	at java.io.ObjectInputStream.readOrdinaryObject(ObjectInputStream.java:1801)
	at java.io.ObjectInputStream.readObject0(ObjectInputStream.java:1351)
	at java.io.ObjectInputStream.defaultReadFields(ObjectInputStream.java:1993)
	at java.io.ObjectInputStream.readSerialData(ObjectInputStream.java:1918)
	at java.io.ObjectInputStream.readOrdinaryObject(ObjectInputStream.java:1801)
	at java.io.ObjectInputStream.readObject0(ObjectInputStream.java:1351)
	at java.io.ObjectInputStream.readObject(ObjectInputStream.java:371)
	at java.util.ArrayList.readObject(ArrayList.java:791)
	at sun.reflect.GeneratedMethodAccessor7.invoke(Unknown Source)
	at sun.reflect.DelegatingMethodAccessorImpl.invoke(DelegatingMethodAccessorImpl.java:43)
	at java.lang.reflect.Method.invoke(Method.java:483)
	at java.io.ObjectStreamClass.invokeReadObject(ObjectStreamClass.java:1017)
	at java.io.ObjectInputStream.readSerialData(ObjectInputStream.java:1896)
	at java.io.ObjectInputStream.readOrdinaryObject(ObjectInputStream.java:1801)
	at java.io.ObjectInputStream.readObject0(ObjectInputStream.java:1351)
	at java.io.ObjectInputStream.defaultReadFields(ObjectInputStream.java:1993)
	at java.io.ObjectInputStream.readSerialData(ObjectInputStream.java:1918)
	at java.io.ObjectInputStream.readOrdinaryObject(ObjectInputStream.java:1801)
	at java.io.ObjectInputStream.readObject0(ObjectInputStream.java:1351)
	at java.io.ObjectInputStream.readObject(ObjectInputStream.java:371)
	at java.util.ArrayList.readObject(ArrayList.java:791)
	at sun.reflect.GeneratedMethodAccessor7.invoke(Unknown Source)
	at sun.reflect.DelegatingMethodAccessorImpl.invoke(DelegatingMethodAccessorImpl.java:43)
	at java.lang.reflect.Method.invoke(Method.java:483)
	at java.io.ObjectStreamClass.invokeReadObject(ObjectStreamClass.java:1017)
	at java.io.ObjectInputStream.readSerialData(ObjectInputStream.java:1896)
	at java.io.ObjectInputStream.readOrdinaryObject(ObjectInputStream.java:1801)
	at java.io.ObjectInputStream.readObject0(ObjectInputStream.java:1351)
	at java.io.ObjectInputStream.defaultReadFields(ObjectInputStream.java:1993)
	at java.io.ObjectInputStream.readSerialData(ObjectInputStream.java:1918)
	at java.io.ObjectInputStream.readOrdinaryObject(ObjectInputStream.java:1801)
	at java.io.ObjectInputStream.readObject0(ObjectInputStream.java:1351)
	at java.io.ObjectInputStream.readObject(ObjectInputStream.java:371)
	at java.util.ArrayList.readObject(ArrayList.java:791)
	at sun.reflect.GeneratedMethodAccessor7.invoke(Unknown Source)
	at sun.reflect.DelegatingMethodAccessorImpl.invoke(DelegatingMethodAccessorImpl.java:43)
	at java.lang.reflect.Method.invoke(Method.java:483)
	at java.io.ObjectStreamClass.invokeReadObject(ObjectStreamClass.java:1017)
	at java.io.ObjectInputStream.readSerialData(ObjectInputStream.java:1896)
	at java.io.ObjectInputStream.readOrdinaryObject(ObjectInputStream.java:1801)
	at java.io.ObjectInputStream.readObject0(ObjectInputStream.java:1351)
	at java.io.ObjectInputStream.defaultReadFields(ObjectInputStream.java:1993)
	at java.io.ObjectInputStream.readSerialData(ObjectInputStream.java:1918)
	at java.io.ObjectInputStream.readOrdinaryObject(ObjectInputStream.java:1801)
	at java.io.ObjectInputStream.readObject0(ObjectInputStream.java:1351)
	at java.io.ObjectInputStream.readObject(ObjectInputStream.java:371)
	at java.util.ArrayList.readObject(ArrayList.java:791)
	at sun.reflect.GeneratedMethodAccessor7.invoke(Unknown Source)
	at sun.reflect.DelegatingMethodAccessorImpl.invoke(DelegatingMethodAccessorImpl.java:43)
	at java.lang.reflect.Method.invoke(Method.java:483)
	at java.io.ObjectStreamClass.invokeReadObject(ObjectStreamClass.java:1017)
	at java.io.ObjectInputStream.readSerialData(ObjectInputStream.java:1896)
	at java.io.ObjectInputStream.readOrdinaryObject(ObjectInputStream.java:1801)
	at java.io.ObjectInputStream.readObject0(ObjectInputStream.java:1351)
	at java.io.ObjectInputStream.defaultReadFields(ObjectInputStream.java:1993)
	at java.io.ObjectInputStream.readSerialData(ObjectInputStream.java:1918)
	at java.io.ObjectInputStream.readOrdinaryObject(ObjectInputStream.java:1801)
	at java.io.ObjectInputStream.readObject0(ObjectInputStream.java:1351)
	at java.io.ObjectInputStream.readObject(ObjectInputStream.java:371)
	at java.util.ArrayList.readObject(ArrayList.java:791)
	at sun.reflect.GeneratedMethodAccessor7.invoke(Unknown Source)
	at sun.reflect.DelegatingMethodAccessorImpl.invoke(DelegatingMethodAccessorImpl.java:43)
	at java.lang.reflect.Method.invoke(Method.java:483)
	at java.io.ObjectStreamClass.invokeReadObject(ObjectStreamClass.java:1017)
	at java.io.ObjectInputStream.readSerialData(ObjectInputStream.java:1896)
	at java.io.ObjectInputStream.readOrdinaryObject(ObjectInputStream.java:1801)
	at java.io.ObjectInputStream.readObject0(ObjectInputStream.java:1351)
	at java.io.ObjectInputStream.defaultReadFields(ObjectInputStream.java:1993)
	at java.io.ObjectInputStream.readSerialData(ObjectInputStream.java:1918)
	at java.io.ObjectInputStream.readOrdinaryObject(ObjectInputStream.java:1801)
	at java.io.ObjectInputStream.readObject0(ObjectInputStream.java:1351)
	at java.io.ObjectInputStream.readObject(ObjectInputStream.java:371)
	at java.util.ArrayList.readObject(ArrayList.java:791)
	at sun.reflect.GeneratedMethodAccessor7.invoke(Unknown Source)
	at sun.reflect.DelegatingMethodAccessorImpl.invoke(DelegatingMethodAccessorImpl.java:43)
	at java.lang.reflect.Method.invoke(Method.java:483)
	at java.io.ObjectStreamClass.invokeReadObject(ObjectStreamClass.java:1017)
	at java.io.ObjectInputStream.readSerialData(ObjectInputStream.java:1896)
	at java.io.ObjectInputStream.readOrdinaryObject(ObjectInputStream.java:1801)
	at java.io.ObjectInputStream.readObject0(ObjectInputStream.java:1351)
	at java.io.ObjectInputStream.defaultReadFields(ObjectInputStream.java:1993)
	at java.io.ObjectInputStream.readSerialData(ObjectInputStream.java:1918)
	at java.io.ObjectInputStream.readOrdinaryObject(ObjectInputStream.java:1801)
	at java.io.ObjectInputStream.readObject0(ObjectInputStream.java:1351)
	at java.io.ObjectInputStream.readObject(ObjectInputStream.java:371)
	at java.util.ArrayList.readObject(ArrayList.java:791)
	at sun.reflect.GeneratedMethodAccessor7.invoke(Unknown Source)
	at sun.reflect.DelegatingMethodAccessorImpl.invoke(DelegatingMethodAccessorImpl.java:43)
	at java.lang.reflect.Method.invoke(Method.java:483)
	at java.io.ObjectStreamClass.invokeReadObject(ObjectStreamClass.java:1017)
	at java.io.ObjectInputStream.readSerialData(ObjectInputStream.java:1896)
	at java.io.ObjectInputStream.readOrdinaryObject(ObjectInputStream.java:1801)
	at java.io.ObjectInputStream.readObject0(ObjectInputStream.java:1351)
	at java.io.ObjectInputStream.defaultReadFields(ObjectInputStream.java:1993)
	at java.io.ObjectInputStream.readSerialData(ObjectInputStream.java:1918)
	at java.io.ObjectInputStream.readOrdinaryObject(ObjectInputStream.java:1801)
	at java.io.ObjectInputStream.readObject0(ObjectInputStream.java:1351)
	at java.io.ObjectInputStream.readObject(ObjectInputStream.java:371)
	at java.util.ArrayList.readObject(ArrayList.java:791)
	at sun.reflect.GeneratedMethodAccessor7.invoke(Unknown Source)
	at sun.reflect.DelegatingMethodAccessorImpl.invoke(DelegatingMethodAccessorImpl.java:43)
	at java.lang.reflect.Method.invoke(Method.java:483)
	at java.io.ObjectStreamClass.invokeReadObject(ObjectStreamClass.java:1017)
	at java.io.ObjectInputStream.readSerialData(ObjectInputStream.java:1896)
	at java.io.ObjectInputStream.readOrdinaryObject(ObjectInputStream.java:1801)
	at java.io.ObjectInputStream.readObject0(ObjectInputStream.java:1351)
	at java.io.ObjectInputStream.defaultReadFields(ObjectInputStream.java:1993)
	at java.io.ObjectInputStream.readSerialData(ObjectInputStream.java:1918)
	at java.io.ObjectInputStream.readOrdinaryObject(ObjectInputStream.java:1801)
	at java.io.ObjectInputStream.readObject0(ObjectInputStream.java:1351)
	at java.io.ObjectInputStream.readObject(ObjectInputStream.java:371)
	at java.util.ArrayList.readObject(ArrayList.java:791)
	at sun.reflect.GeneratedMethodAccessor7.invoke(Unknown Source)
	at sun.reflect.DelegatingMethodAccessorImpl.invoke(DelegatingMethodAccessorImpl.java:43)
	at java.lang.reflect.Method.invoke(Method.java:483)
	at java.io.ObjectStreamClass.invokeReadObject(ObjectStreamClass.java:1017)
	at java.io.ObjectInputStream.readSerialData(ObjectInputStream.java:1896)
	at java.io.ObjectInputStream.readOrdinaryObject(ObjectInputStream.java:1801)
	at java.io.ObjectInputStream.readObject0(ObjectInputStream.java:1351)
	at java.io.ObjectInputStream.defaultReadFields(ObjectInputStream.java:1993)
	at java.io.ObjectInputStream.readSerialData(ObjectInputStream.java:1918)
	at java.io.ObjectInputStream.readOrdinaryObject(ObjectInputStream.java:1801)
	at java.io.ObjectInputStream.readObject0(ObjectInputStream.java:1351)
	at java.io.ObjectInputStream.readObject(ObjectInputStream.java:371)
	at java.util.ArrayList.readObject(ArrayList.java:791)
	at sun.reflect.GeneratedMethodAccessor7.invoke(Unknown Source)
	at sun.reflect.DelegatingMethodAccessorImpl.invoke(DelegatingMethodAccessorImpl.java:43)
	at java.lang.reflect.Method.invoke(Method.java:483)
	at java.io.ObjectStreamClass.invokeReadObject(ObjectStreamClass.java:1017)
	at java.io.ObjectInputStream.readSerialData(ObjectInputStream.java:1896)
	at java.io.ObjectInputStream.readOrdinaryObject(ObjectInputStream.java:1801)
	at java.io.ObjectInputStream.readObject0(ObjectInputStream.java:1351)
	at java.io.ObjectInputStream.defaultReadFields(ObjectInputStream.java:1993)
	at java.io.ObjectInputStream.readSerialData(ObjectInputStream.java:1918)
	at java.io.ObjectInputStream.readOrdinaryObject(ObjectInputStream.java:1801)
	at java.io.ObjectInputStream.readObject0(ObjectInputStream.java:1351)
	at java.io.ObjectInputStream.readObject(ObjectInputStream.java:371)
	at java.util.ArrayList.readObject(ArrayList.java:791)
	at sun.reflect.GeneratedMethodAccessor7.invoke(Unknown Source)
	at sun.reflect.DelegatingMethodAccessorImpl.invoke(DelegatingMethodAccessorImpl.java:43)
	at java.lang.reflect.Method.invoke(Method.java:483)
	at java.io.ObjectStreamClass.invokeReadObject(ObjectStreamClass.java:1017)
	at java.io.ObjectInputStream.readSerialData(ObjectInputStream.java:1896)
	at java.io.ObjectInputStream.readOrdinaryObject(ObjectInputStream.java:1801)
	at java.io.ObjectInputStream.readObject0(ObjectInputStream.java:1351)
	at java.io.ObjectInputStream.defaultReadFields(ObjectInputStream.java:1993)
	at java.io.ObjectInputStream.readSerialData(ObjectInputStream.java:1918)
	at java.io.ObjectInputStream.readOrdinaryObject(ObjectInputStream.java:1801)
	at java.io.ObjectInputStream.readObject0(ObjectInputStream.java:1351)
	at java.io.ObjectInputStream.readObject(ObjectInputStream.java:371)
	at java.util.ArrayList.readObject(ArrayList.java:791)
	at sun.reflect.GeneratedMethodAccessor7.invoke(Unknown Source)
	at sun.reflect.DelegatingMethodAccessorImpl.invoke(DelegatingMethodAccessorImpl.java:43)
	at java.lang.reflect.Method.invoke(Method.java:483)
	at java.io.ObjectStreamClass.invokeReadObject(ObjectStreamClass.java:1017)
	at java.io.ObjectInputStream.readSerialData(ObjectInputStream.java:1896)
	at java.io.ObjectInputStream.readOrdinaryObject(ObjectInputStream.java:1801)
	at java.io.ObjectInputStream.readObject0(ObjectInputStream.java:1351)
	at java.io.ObjectInputStream.defaultReadFields(ObjectInputStream.java:1993)
	at java.io.ObjectInputStream.readSerialData(ObjectInputStream.java:1918)
	at java.io.ObjectInputStream.readOrdinaryObject(ObjectInputStream.java:1801)
	at java.io.ObjectInputStream.readObject0(ObjectInputStream.java:1351)
	at java.io.ObjectInputStream.readObject(ObjectInputStream.java:371)
	at java.util.Hashtable.readObject(Hashtable.java:1193)
	at sun.reflect.NativeMethodAccessorImpl.invoke0(Native Method)
	at sun.reflect.NativeMethodAccessorImpl.invoke(NativeMethodAccessorImpl.java:62)
	at sun.reflect.DelegatingMethodAccessorImpl.invoke(DelegatingMethodAccessorImpl.java:43)
	at java.lang.reflect.Method.invoke(Method.java:483)
	at java.io.ObjectStreamClass.invokeReadObject(ObjectStreamClass.java:1017)
	at java.io.ObjectInputStream.readSerialData(ObjectInputStream.java:1896)
	at java.io.ObjectInputStream.readOrdinaryObject(ObjectInputStream.java:1801)
	at java.io.ObjectInputStream.readObject0(ObjectInputStream.java:1351)
	at java.io.ObjectInputStream.defaultReadFields(ObjectInputStream.java:1993)
	at java.io.ObjectInputStream.readSerialData(ObjectInputStream.java:1918)
	at java.io.ObjectInputStream.readOrdinaryObject(ObjectInputStream.java:1801)
	at java.io.ObjectInputStream.readObject0(ObjectInputStream.java:1351)
	at java.io.ObjectInputStream.defaultReadFields(ObjectInputStream.java:1993)
	at java.io.ObjectInputStream.readSerialData(ObjectInputStream.java:1918)
	at java.io.ObjectInputStream.readOrdinaryObject(ObjectInputStream.java:1801)
	at java.io.ObjectInputStream.readObject0(ObjectInputStream.java:1351)
	at java.io.ObjectInputStream.readObject(ObjectInputStream.java:371)
	at newworldorder.game.driver.ModelSerializer.readSerializedObject(ModelSerializer.java:99)
	at newworldorder.game.driver.ModelSerializer.loadGameState(ModelSerializer.java:49)
	at newworldorder.game.driver.ModelSerializerTest.testLoadGameState(ModelSerializerTest.java:91)
	at sun.reflect.NativeMethodAccessorImpl.invoke0(Native Method)
	at sun.reflect.NativeMethodAccessorImpl.invoke(NativeMethodAccessorImpl.java:62)
	at sun.reflect.DelegatingMethodAccessorImpl.invoke(DelegatingMethodAccessorImpl.java:43)
	at java.lang.reflect.Method.invoke(Method.java:483)
	at org.junit.runners.model.FrameworkMethod$1.runReflectiveCall(FrameworkMethod.java:47)
	at org.junit.internal.runners.model.ReflectiveCallable.run(ReflectiveCallable.java:12)
	at org.junit.runners.model.FrameworkMethod.invokeExplosively(FrameworkMethod.java:44)
	at org.junit.internal.runners.statements.InvokeMethod.evaluate(InvokeMethod.java:17)
	at org.junit.internal.runners.statements.RunBefores.evaluate(RunBefores.java:26)
	at org.junit.runners.ParentRunner.runLeaf(ParentRunner.java:271)
	at org.junit.runners.BlockJUnit4ClassRunner.runChild(BlockJUnit4ClassRunner.java:70)
	at org.junit.runners.BlockJUnit4ClassRunner.runChild(BlockJUnit4ClassRunner.java:50)
	at org.junit.runners.ParentRunner$3.run(ParentRunner.java:238)
	at org.junit.runners.ParentRunner$1.schedule(ParentRunner.java:63)
	at org.junit.runners.ParentRunner.runChildren(ParentRunner.java:236)
	at org.junit.runners.ParentRunner.access$000(ParentRunner.java:53)
	at org.junit.runners.ParentRunner$2.evaluate(ParentRunner.java:229)
	at org.junit.runners.ParentRunner.run(ParentRunner.java:309)
	at org.gradle.api.internal.tasks.testing.junit.JUnitTestClassExecuter.runTestClass(JUnitTestClassExecuter.java:86)
	at org.gradle.api.internal.tasks.testing.junit.JUnitTestClassExecuter.execute(JUnitTestClassExecuter.java:49)
	at org.gradle.api.internal.tasks.testing.junit.JUnitTestClassProcessor.processTestClass(JUnitTestClassProcessor.java:64)
	at org.gradle.api.internal.tasks.testing.SuiteTestClassProcessor.processTestClass(SuiteTestClassProcessor.java:50)
	at sun.reflect.NativeMethodAccessorImpl.invoke0(Native Method)
	at sun.reflect.NativeMethodAccessorImpl.invoke(NativeMethodAccessorImpl.java:62)
	at sun.reflect.DelegatingMethodAccessorImpl.invoke(DelegatingMethodAccessorImpl.java:43)
	at java.lang.reflect.Method.invoke(Method.java:483)
	at org.gradle.messaging.dispatch.ReflectionDispatch.dispatch(ReflectionDispatch.java:35)
	at org.gradle.messaging.dispatch.ReflectionDispatch.dispatch(ReflectionDispatch.java:24)
	at org.gradle.messaging.dispatch.ContextClassLoaderDispatch.dispatch(ContextClassLoaderDispatch.java:32)
	at org.gradle.messaging.dispatch.ProxyDispatchAdapter$DispatchingInvocationHandler.invoke(ProxyDispatchAdapter.java:93)
	at com.sun.proxy.$Proxy2.processTestClass(Unknown Source)
	at org.gradle.api.internal.tasks.testing.worker.TestWorker.processTestClass(TestWorker.java:106)
	at sun.reflect.NativeMethodAccessorImpl.invoke0(Native Method)
	at sun.reflect.NativeMethodAccessorImpl.invoke(NativeMethodAccessorImpl.java:62)
	at sun.reflect.DelegatingMethodAccessorImpl.invoke(DelegatingMethodAccessorImpl.java:43)
	at java.lang.reflect.Method.invoke(Method.java:483)
	at org.gradle.messaging.dispatch.ReflectionDispatch.dispatch(ReflectionDispatch.java:35)
	at org.gradle.messaging.dispatch.ReflectionDispatch.dispatch(ReflectionDispatch.java:24)
	at org.gradle.messaging.remote.internal.hub.MessageHub$Handler.run(MessageHub.java:360)
	at org.gradle.internal.concurrent.DefaultExecutorFactory$StoppableExecutorImpl$1.run(DefaultExecutorFactory.java:64)
	at java.util.concurrent.ThreadPoolExecutor.runWorker(ThreadPoolExecutor.java:1142)
	at java.util.concurrent.ThreadPoolExecutor$Worker.run(ThreadPoolExecutor.java:617)
	at java.lang.Thread.run(Thread.java:745)
java.lang.ClassCastException: cannot assign instance of java.util.ArrayList to field newworldorder.game.model.Tile.neighbours of type java.util.Set in instance of newworldorder.game.model.Tile
	at java.io.ObjectStreamClass$FieldReflector.setObjFieldValues(ObjectStreamClass.java:2089)
	at java.io.ObjectStreamClass.setObjFieldValues(ObjectStreamClass.java:1261)
	at java.io.ObjectInputStream.defaultReadFields(ObjectInputStream.java:1999)
	at java.io.ObjectInputStream.readSerialData(ObjectInputStream.java:1918)
	at java.io.ObjectInputStream.readOrdinaryObject(ObjectInputStream.java:1801)
	at java.io.ObjectInputStream.readObject0(ObjectInputStream.java:1351)
	at java.io.ObjectInputStream.readObject(ObjectInputStream.java:371)
	at java.util.ArrayList.readObject(ArrayList.java:791)
	at sun.reflect.GeneratedMethodAccessor7.invoke(Unknown Source)
	at sun.reflect.DelegatingMethodAccessorImpl.invoke(DelegatingMethodAccessorImpl.java:43)
	at java.lang.reflect.Method.invoke(Method.java:483)
	at java.io.ObjectStreamClass.invokeReadObject(ObjectStreamClass.java:1017)
	at java.io.ObjectInputStream.readSerialData(ObjectInputStream.java:1896)
	at java.io.ObjectInputStream.readOrdinaryObject(ObjectInputStream.java:1801)
	at java.io.ObjectInputStream.readObject0(ObjectInputStream.java:1351)
	at java.io.ObjectInputStream.defaultReadFields(ObjectInputStream.java:1993)
	at java.io.ObjectInputStream.readSerialData(ObjectInputStream.java:1918)
	at java.io.ObjectInputStream.readOrdinaryObject(ObjectInputStream.java:1801)
	at java.io.ObjectInputStream.readObject0(ObjectInputStream.java:1351)
	at java.io.ObjectInputStream.readObject(ObjectInputStream.java:371)
	at java.util.ArrayList.readObject(ArrayList.java:791)
	at sun.reflect.GeneratedMethodAccessor7.invoke(Unknown Source)
	at sun.reflect.DelegatingMethodAccessorImpl.invoke(DelegatingMethodAccessorImpl.java:43)
	at java.lang.reflect.Method.invoke(Method.java:483)
	at java.io.ObjectStreamClass.invokeReadObject(ObjectStreamClass.java:1017)
	at java.io.ObjectInputStream.readSerialData(ObjectInputStream.java:1896)
	at java.io.ObjectInputStream.readOrdinaryObject(ObjectInputStream.java:1801)
	at java.io.ObjectInputStream.readObject0(ObjectInputStream.java:1351)
	at java.io.ObjectInputStream.defaultReadFields(ObjectInputStream.java:1993)
	at java.io.ObjectInputStream.readSerialData(ObjectInputStream.java:1918)
	at java.io.ObjectInputStream.readOrdinaryObject(ObjectInputStream.java:1801)
	at java.io.ObjectInputStream.readObject0(ObjectInputStream.java:1351)
	at java.io.ObjectInputStream.readObject(ObjectInputStream.java:371)
	at java.util.ArrayList.readObject(ArrayList.java:791)
	at sun.reflect.GeneratedMethodAccessor7.invoke(Unknown Source)
	at sun.reflect.DelegatingMethodAccessorImpl.invoke(DelegatingMethodAccessorImpl.java:43)
	at java.lang.reflect.Method.invoke(Method.java:483)
	at java.io.ObjectStreamClass.invokeReadObject(ObjectStreamClass.java:1017)
	at java.io.ObjectInputStream.readSerialData(ObjectInputStream.java:1896)
	at java.io.ObjectInputStream.readOrdinaryObject(ObjectInputStream.java:1801)
	at java.io.ObjectInputStream.readObject0(ObjectInputStream.java:1351)
	at java.io.ObjectInputStream.defaultReadFields(ObjectInputStream.java:1993)
	at java.io.ObjectInputStream.readSerialData(ObjectInputStream.java:1918)
	at java.io.ObjectInputStream.readOrdinaryObject(ObjectInputStream.java:1801)
	at java.io.ObjectInputStream.readObject0(ObjectInputStream.java:1351)
	at java.io.ObjectInputStream.readObject(ObjectInputStream.java:371)
	at java.util.ArrayList.readObject(ArrayList.java:791)
	at sun.reflect.GeneratedMethodAccessor7.invoke(Unknown Source)
	at sun.reflect.DelegatingMethodAccessorImpl.invoke(DelegatingMethodAccessorImpl.java:43)
	at java.lang.reflect.Method.invoke(Method.java:483)
	at java.io.ObjectStreamClass.invokeReadObject(ObjectStreamClass.java:1017)
	at java.io.ObjectInputStream.readSerialData(ObjectInputStream.java:1896)
	at java.io.ObjectInputStream.readOrdinaryObject(ObjectInputStream.java:1801)
	at java.io.ObjectInputStream.readObject0(ObjectInputStream.java:1351)
	at java.io.ObjectInputStream.defaultReadFields(ObjectInputStream.java:1993)
	at java.io.ObjectInputStream.readSerialData(ObjectInputStream.java:1918)
	at java.io.ObjectInputStream.readOrdinaryObject(ObjectInputStream.java:1801)
	at java.io.ObjectInputStream.readObject0(ObjectInputStream.java:1351)
	at java.io.ObjectInputStream.readObject(ObjectInputStream.java:371)
	at java.util.ArrayList.readObject(ArrayList.java:791)
	at sun.reflect.GeneratedMethodAccessor7.invoke(Unknown Source)
	at sun.reflect.DelegatingMethodAccessorImpl.invoke(DelegatingMethodAccessorImpl.java:43)
	at java.lang.reflect.Method.invoke(Method.java:483)
	at java.io.ObjectStreamClass.invokeReadObject(ObjectStreamClass.java:1017)
	at java.io.ObjectInputStream.readSerialData(ObjectInputStream.java:1896)
	at java.io.ObjectInputStream.readOrdinaryObject(ObjectInputStream.java:1801)
	at java.io.ObjectInputStream.readObject0(ObjectInputStream.java:1351)
	at java.io.ObjectInputStream.defaultReadFields(ObjectInputStream.java:1993)
	at java.io.ObjectInputStream.readSerialData(ObjectInputStream.java:1918)
	at java.io.ObjectInputStream.readOrdinaryObject(ObjectInputStream.java:1801)
	at java.io.ObjectInputStream.readObject0(ObjectInputStream.java:1351)
	at java.io.ObjectInputStream.readObject(ObjectInputStream.java:371)
	at java.util.Hashtable.readObject(Hashtable.java:1193)
	at sun.reflect.NativeMethodAccessorImpl.invoke0(Native Method)
	at sun.reflect.NativeMethodAccessorImpl.invoke(NativeMethodAccessorImpl.java:62)
	at sun.reflect.DelegatingMethodAccessorImpl.invoke(DelegatingMethodAccessorImpl.java:43)
	at java.lang.reflect.Method.invoke(Method.java:483)
	at java.io.ObjectStreamClass.invokeReadObject(ObjectStreamClass.java:1017)
	at java.io.ObjectInputStream.readSerialData(ObjectInputStream.java:1896)
	at java.io.ObjectInputStream.readOrdinaryObject(ObjectInputStream.java:1801)
	at java.io.ObjectInputStream.readObject0(ObjectInputStream.java:1351)
	at java.io.ObjectInputStream.defaultReadFields(ObjectInputStream.java:1993)
	at java.io.ObjectInputStream.readSerialData(ObjectInputStream.java:1918)
	at java.io.ObjectInputStream.readOrdinaryObject(ObjectInputStream.java:1801)
	at java.io.ObjectInputStream.readObject0(ObjectInputStream.java:1351)
	at java.io.ObjectInputStream.readObject(ObjectInputStream.java:371)
	at newworldorder.game.driver.ModelSerializer.readSerializedObject(ModelSerializer.java:99)
	at newworldorder.game.driver.ModelSerializer.loadMap(ModelSerializer.java:23)
	at newworldorder.game.driver.ModelSerializerTest.testLoadMap(ModelSerializerTest.java:67)
	at sun.reflect.NativeMethodAccessorImpl.invoke0(Native Method)
	at sun.reflect.NativeMethodAccessorImpl.invoke(NativeMethodAccessorImpl.java:62)
	at sun.reflect.DelegatingMethodAccessorImpl.invoke(DelegatingMethodAccessorImpl.java:43)
	at java.lang.reflect.Method.invoke(Method.java:483)
	at org.junit.runners.model.FrameworkMethod$1.runReflectiveCall(FrameworkMethod.java:47)
	at org.junit.internal.runners.model.ReflectiveCallable.run(ReflectiveCallable.java:12)
	at org.junit.runners.model.FrameworkMethod.invokeExplosively(FrameworkMethod.java:44)
	at org.junit.internal.runners.statements.InvokeMethod.evaluate(InvokeMethod.java:17)
	at org.junit.internal.runners.statements.RunBefores.evaluate(RunBefores.java:26)
	at org.junit.runners.ParentRunner.runLeaf(ParentRunner.java:271)
	at org.junit.runners.BlockJUnit4ClassRunner.runChild(BlockJUnit4ClassRunner.java:70)
	at org.junit.runners.BlockJUnit4ClassRunner.runChild(BlockJUnit4ClassRunner.java:50)
	at org.junit.runners.ParentRunner$3.run(ParentRunner.java:238)
	at org.junit.runners.ParentRunner$1.schedule(ParentRunner.java:63)
	at org.junit.runners.ParentRunner.runChildren(ParentRunner.java:236)
	at org.junit.runners.ParentRunner.access$000(ParentRunner.java:53)
	at org.junit.runners.ParentRunner$2.evaluate(ParentRunner.java:229)
	at org.junit.runners.ParentRunner.run(ParentRunner.java:309)
	at org.gradle.api.internal.tasks.testing.junit.JUnitTestClassExecuter.runTestClass(JUnitTestClassExecuter.java:86)
	at org.gradle.api.internal.tasks.testing.junit.JUnitTestClassExecuter.execute(JUnitTestClassExecuter.java:49)
	at org.gradle.api.internal.tasks.testing.junit.JUnitTestClassProcessor.processTestClass(JUnitTestClassProcessor.java:64)
	at org.gradle.api.internal.tasks.testing.SuiteTestClassProcessor.processTestClass(SuiteTestClassProcessor.java:50)
	at sun.reflect.NativeMethodAccessorImpl.invoke0(Native Method)
	at sun.reflect.NativeMethodAccessorImpl.invoke(NativeMethodAccessorImpl.java:62)
	at sun.reflect.DelegatingMethodAccessorImpl.invoke(DelegatingMethodAccessorImpl.java:43)
	at java.lang.reflect.Method.invoke(Method.java:483)
	at org.gradle.messaging.dispatch.ReflectionDispatch.dispatch(ReflectionDispatch.java:35)
	at org.gradle.messaging.dispatch.ReflectionDispatch.dispatch(ReflectionDispatch.java:24)
	at org.gradle.messaging.dispatch.ContextClassLoaderDispatch.dispatch(ContextClassLoaderDispatch.java:32)
	at org.gradle.messaging.dispatch.ProxyDispatchAdapter$DispatchingInvocationHandler.invoke(ProxyDispatchAdapter.java:93)
	at com.sun.proxy.$Proxy2.processTestClass(Unknown Source)
	at org.gradle.api.internal.tasks.testing.worker.TestWorker.processTestClass(TestWorker.java:106)
	at sun.reflect.NativeMethodAccessorImpl.invoke0(Native Method)
	at sun.reflect.NativeMethodAccessorImpl.invoke(NativeMethodAccessorImpl.java:62)
	at sun.reflect.DelegatingMethodAccessorImpl.invoke(DelegatingMethodAccessorImpl.java:43)
	at java.lang.reflect.Method.invoke(Method.java:483)
	at org.gradle.messaging.dispatch.ReflectionDispatch.dispatch(ReflectionDispatch.java:35)
	at org.gradle.messaging.dispatch.ReflectionDispatch.dispatch(ReflectionDispatch.java:24)
	at org.gradle.messaging.remote.internal.hub.MessageHub$Handler.run(MessageHub.java:360)
	at org.gradle.internal.concurrent.DefaultExecutorFactory$StoppableExecutorImpl$1.run(DefaultExecutorFactory.java:64)
	at java.util.concurrent.ThreadPoolExecutor.runWorker(ThreadPoolExecutor.java:1142)
	at java.util.concurrent.ThreadPoolExecutor$Worker.run(ThreadPoolExecutor.java:617)
	at java.lang.Thread.run(Thread.java:745)
]]></system-err>
</testsuite>
