<?xml version="1.0" encoding="UTF-8"?>
<testsuite name="newworldorder.game.model.GameEngineTest" tests="15" skipped="0" failures="0" errors="0" timestamp="2015-03-10T00:17:21" hostname="Owner-PC" time="0.03">
  <properties/>
  <testcase name="testEndTurn" classname="newworldorder.game.model.GameEngineTest" time="0.002"/>
  <testcase name="testMoveUnit_ClearTomb" classname="newworldorder.game.model.GameEngineTest" time="0.006"/>
  <testcase name="testUpgradeVillage" classname="newworldorder.game.model.GameEngineTest" time="0.001"/>
  <testcase name="testBuildTower" classname="newworldorder.game.model.GameEngineTest" time="0.0"/>
  <testcase name="testBuildRoad" classname="newworldorder.game.model.GameEngineTest" time="0.0"/>
  <testcase name="testBuildUnit" classname="newworldorder.game.model.GameEngineTest" time="0.0"/>
  <testcase name="testMoveUnit_TrampleMeadow" classname="newworldorder.game.model.GameEngineTest" time="0.0"/>
  <testcase name="testMoveUnit_CombineUnits" classname="newworldorder.game.model.GameEngineTest" time="0.001"/>
  <testcase name="testMoveUnit_FreeMove" classname="newworldorder.game.model.GameEngineTest" time="0.007"/>
  <testcase name="testMoveUnit_InvalidMove" classname="newworldorder.game.model.GameEngineTest" time="0.0"/>
  <testcase name="testMoveUnit_GatherWood" classname="newworldorder.game.model.GameEngineTest" time="0.0"/>
  <testcase name="testCombineRegions" classname="newworldorder.game.model.GameEngineTest" time="0.0"/>
  <testcase name="testNewGame" classname="newworldorder.game.model.GameEngineTest" time="0.0"/>
  <testcase name="testCultivateMeadow" classname="newworldorder.game.model.GameEngineTest" time="0.001"/>
  <testcase name="testUpgradeUnit" classname="newworldorder.game.model.GameEngineTest" time="0.001"/>
  <system-out><![CDATA[]]></system-out>
  <system-err><![CDATA[]]></system-err>
</testsuite>
